<?xml version="1.0" encoding="UTF-8"?>
<testsuite xmlns:xsi="http://www.w3.org/2001/XMLSchema-instance" xsi:noNamespaceSchemaLocation="https://maven.apache.org/surefire/maven-surefire-plugin/xsd/surefire-test-report.xsd" name="TestSuite" time="174.188" tests="18" errors="0" skipped="9" failures="3">
  <properties>
[...]
</properties>
  <testcase name="test01_verifySearchForSpecificProduct" classname="sanity.ShopDemo" time="4.643"/>
  <testcase name="test01_verifySearchForSpecificProduct" classname="sanity.ShopDemo" time="2.728"/>
  <testcase name="test02_SearchForKeywordAndVerifyProductsCount" classname="sanity.ShopDemo" time="2.212"/>
  <testcase name="test02_SearchForKeywordAndVerifyProductsCount" classname="sanity.ShopDemo" time="2.705"/>
  <testcase name="test03_verifyAboutAtidText" classname="sanity.ShopDemo" time="1.452"/>
  <testcase name="test04_verifyProductImage" classname="sanity.ShopDemo" time="0">
    <skipped message="Error Comparing Image File: FindFailed: C:\\Automation\\Projects\\Selenium4Java\\Images\\anchorBraceletImage.png: (156x156) in R[0,0 1280x1024]@S(0)&#10;  Line 2287, in file Region.java&#10;"/>
    <system-out><![CDATA[------------ Test: test03_verifyAboutAtidText Passed ------------
Recorded Screen Cast File Stop Recording
Video file Deleted Successfully
Recorded Screen Cast File is Now Created
------------ Starting Test: test04_verifyProductImage ------------
Screenshot of element captured
searching for image : anchorBraceletImage
Error Comparing Image File: FindFailed: C:\\Automation\\Projects\\Selenium4Java\\Images\\anchorBraceletImage.png: (156x156) in R[0,0 1280x1024]@S(0)
  Line 2287, in file Region.java

Retrying test04_verifyProductImage Attempt #1
]]></system-out>
  </testcase>
  <testcase name="test04_verifyProductImage" classname="sanity.ShopDemo" time="0">
    <skipped message="Error Comparing Image File: FindFailed: C:\\Automation\\Projects\\Selenium4Java\\Images\\anchorBraceletImage.png: (156x156) in R[0,0 1280x1024]@S(0)&#10;  Line 2287, in file Region.java&#10;"/>
    <system-out><![CDATA[------------ Skipping Test: test04_verifyProductImage ------------
Recorded Screen Cast File is Now Created
------------ Starting Test: test04_verifyProductImage ------------
Screenshot of element captured
searching for image : anchorBraceletImage
Error Comparing Image File: FindFailed: C:\\Automation\\Projects\\Selenium4Java\\Images\\anchorBraceletImage.png: (156x156) in R[0,0 1280x1024]@S(0)
  Line 2287, in file Region.java

Retrying test04_verifyProductImage Attempt #2
]]></system-out>
  </testcase>
  <testcase name="test04_verifyProductImage" classname="sanity.ShopDemo" time="0">
    <skipped message="Error Comparing Image File: FindFailed: C:\\Automation\\Projects\\Selenium4Java\\Images\\anchorBraceletImage.png: (156x156) in R[0,0 1280x1024]@S(0)&#10;  Line 2287, in file Region.java&#10;"/>
    <system-out><![CDATA[------------ Skipping Test: test04_verifyProductImage ------------
Recorded Screen Cast File is Now Created
------------ Starting Test: test04_verifyProductImage ------------
Screenshot of element captured
searching for image : anchorBraceletImage
Error Comparing Image File: FindFailed: C:\\Automation\\Projects\\Selenium4Java\\Images\\anchorBraceletImage.png: (156x156) in R[0,0 1280x1024]@S(0)
  Line 2287, in file Region.java

Retrying test04_verifyProductImage Attempt #3
]]></system-out>
  </testcase>
  <testcase name="test04_verifyProductImage" classname="sanity.ShopDemo" time="3.836">
    <failure message="Error Comparing Image File: FindFailed: C:\\Automation\\Projects\\Selenium4Java\\Images\\anchorBraceletImage.png: (156x156) in R[0,0 1280x1024]@S(0)&#10;  Line 2287, in file Region.java&#10;" type="java.lang.AssertionError">java.lang.AssertionError: 
Error Comparing Image File: FindFailed: C:\\Automation\\Projects\\Selenium4Java\\Images\\anchorBraceletImage.png: (156x156) in R[0,0 1280x1024]@S(0)
  Line 2287, in file Region.java

	at sanity.ShopDemo.test04_verifyProductImage(ShopDemo.java:50)
</failure>
    <system-out><![CDATA[------------ Skipping Test: test04_verifyProductImage ------------
Recorded Screen Cast File is Now Created
------------ Starting Test: test04_verifyProductImage ------------
Screenshot of element captured
searching for image : anchorBraceletImage
Error Comparing Image File: FindFailed: C:\\Automation\\Projects\\Selenium4Java\\Images\\anchorBraceletImage.png: (156x156) in R[0,0 1280x1024]@S(0)
  Line 2287, in file Region.java

]]></system-out>
  </testcase>
  <testcase name="test05_verifyHighestProductPrice" classname="sanity.ShopDemo" time="0">
    <skipped message="expected [true] but found [false]"/>
    <system-out><![CDATA[------------ Test: test04_verifyProductImage Failed ------------
Recorded Screen Cast File Stop Recording
Taking Screenshot...
Recorded Screen Cast File is Now Created
------------ Starting Test: test05_verifyHighestProductPrice ------------
actual text is 250.00 ?
expected text is 260.00 
Retrying test05_verifyHighestProductPrice Attempt #1
]]></system-out>
  </testcase>
  <testcase name="test05_verifyHighestProductPrice" classname="sanity.ShopDemo" time="0">
    <skipped message="expected [true] but found [false]"/>
    <system-out><![CDATA[------------ Skipping Test: test05_verifyHighestProductPrice ------------
Recorded Screen Cast File is Now Created
------------ Starting Test: test05_verifyHighestProductPrice ------------
actual text is 250.00 ?
expected text is 260.00 
Retrying test05_verifyHighestProductPrice Attempt #2
]]></system-out>
  </testcase>
  <testcase name="test05_verifyHighestProductPrice" classname="sanity.ShopDemo" time="0">
    <skipped message="expected [true] but found [false]"/>
    <system-out><![CDATA[------------ Skipping Test: test05_verifyHighestProductPrice ------------
Recorded Screen Cast File is Now Created
------------ Starting Test: test05_verifyHighestProductPrice ------------
actual text is 250.00 ?
expected text is 260.00 
Retrying test05_verifyHighestProductPrice Attempt #3
]]></system-out>
  </testcase>
  <testcase name="test05_verifyHighestProductPrice" classname="sanity.ShopDemo" time="6.326">
    <failure message="expected [true] but found [false]" type="java.lang.AssertionError">java.lang.AssertionError: expected [true] but found [false]
	at sanity.ShopDemo.test05_verifyHighestProductPrice(ShopDemo.java:59)
</failure>
    <system-out><![CDATA[------------ Skipping Test: test05_verifyHighestProductPrice ------------
Recorded Screen Cast File is Now Created
------------ Starting Test: test05_verifyHighestProductPrice ------------
actual text is 250.00 ?
expected text is 260.00 
]]></system-out>
  </testcase>
  <testcase name="test06_verifyDetailsOfProductAddedToCart" classname="sanity.ShopDemo" time="19.222"/>
  <testcase name="test07_verifySearchProductsElementLocation" classname="sanity.ShopDemo" time="0">
    <skipped message="The following asserts failed:&#10;	expected [198] but found [217],&#10;	expected [43] but found [42]"/>
    <system-out><![CDATA[------------ Test: test06_verifyDetailsOfProductAddedToCart Passed ------------
Recorded Screen Cast File Stop Recording
Video file Deleted Successfully
Recorded Screen Cast File is Now Created
------------ Starting Test: test07_verifySearchProductsElementLocation ------------
actual Width of element : 217
 actual height of element : 42
actual X location of element : 31
actual Y location of element : 168
Retrying test07_verifySearchProductsElementLocation Attempt #1
]]></system-out>
  </testcase>
  <testcase name="test07_verifySearchProductsElementLocation" classname="sanity.ShopDemo" time="0">
    <skipped message="The following asserts failed:&#10;	expected [198] but found [217],&#10;	expected [43] but found [42],&#10;	expected [198] but found [217],&#10;	expected [43] but found [42]"/>
    <system-out><![CDATA[------------ Skipping Test: test07_verifySearchProductsElementLocation ------------
Recorded Screen Cast File is Now Created
------------ Starting Test: test07_verifySearchProductsElementLocation ------------
actual Width of element : 217
 actual height of element : 42
actual X location of element : 31
actual Y location of element : 168
Retrying test07_verifySearchProductsElementLocation Attempt #2
]]></system-out>
  </testcase>
  <testcase name="test07_verifySearchProductsElementLocation" classname="sanity.ShopDemo" time="0">
    <skipped message="The following asserts failed:&#10;	expected [198] but found [217],&#10;	expected [43] but found [42],&#10;	expected [198] but found [217],&#10;	expected [43] but found [42],&#10;	expected [198] but found [217],&#10;	expected [43] but found [42]"/>
    <system-out><![CDATA[------------ Skipping Test: test07_verifySearchProductsElementLocation ------------
Recorded Screen Cast File is Now Created
------------ Starting Test: test07_verifySearchProductsElementLocation ------------
actual Width of element : 217
 actual height of element : 42
actual X location of element : 31
actual Y location of element : 168
Retrying test07_verifySearchProductsElementLocation Attempt #3
]]></system-out>
  </testcase>
  <testcase name="test07_verifySearchProductsElementLocation" classname="sanity.ShopDemo" time="5.51">
    <failure message="The following asserts failed:&#10;	expected [198] but found [217],&#10;	expected [43] but found [42],&#10;	expected [198] but found [217],&#10;	expected [43] but found [42],&#10;	expected [198] but found [217],&#10;	expected [43] but found [42],&#10;	expected [198] but found [217],&#10;	expected [43] but found [42]" type="java.lang.AssertionError">java.lang.AssertionError: 
The following asserts failed:
	expected [198] but found [217],
	expected [43] but found [42],
	expected [198] but found [217],
	expected [43] but found [42],
	expected [198] but found [217],
	expected [43] but found [42],
	expected [198] but found [217],
	expected [43] but found [42]
	at sanity.ShopDemo.test07_verifySearchProductsElementLocation(ShopDemo.java:116)
</failure>
    <system-out><![CDATA[------------ Skipping Test: test07_verifySearchProductsElementLocation ------------
Recorded Screen Cast File is Now Created
------------ Starting Test: test07_verifySearchProductsElementLocation ------------
actual Width of element : 217
 actual height of element : 42
actual X location of element : 31
actual Y location of element : 168
]]></system-out>
  </testcase>
</testsuite>